"R.version.3.6.1..2019.07.05."
"Platform: x86_64-apple-darwin15.6.0 (64-bit)"
"Running under: macOS Mojave 10.14.5"
"Matrix products: default"
"BLAS:   /System/Library/Frameworks/Accelerate.framework/Versions/A/Frameworks/vecLib.framework/Versions/A/libBLAS.dylib"
"LAPACK: /Library/Frameworks/R.framework/Versions/3.6/Resources/lib/libRlapack.dylib"
"Random number generation:"
" RNG:     Mersenne-Twister "
" Normal:  Inversion "
" Sample:  Rounding "
" "
"locale:"
"[1] en_US.UTF-8/en_US.UTF-8/en_US.UTF-8/C/en_US.UTF-8/en_US.UTF-8"
"attached base packages:"
"[1] parallel  grid      stats     graphics  grDevices utils     datasets  methods   base     "
"other attached packages:"
" [1] promises_1.0.1        future_1.14.0         randomForest_4.6-14   stringr_1.4.0         purrr_0.3.2           broom_0.5.2          "
" [7] tidyr_0.8.3           dplyr_0.8.3           MASS_7.3-51.4         data.table_1.12.2     doSNOW_1.0.16         snow_0.4-3           "
"[13] minpack.lm_1.2-1      statmod_1.4.32        survival_2.44-1.1     preprocessCore_1.46.0 ggrepel_0.8.1         gplots_3.0.1.1       "
"[19] marray_1.62.0         limma_3.40.2          lme4_1.1-21           Matrix_1.2-17         shinyWidgets_0.4.8    doParallel_1.0.14    "
"[25] iterators_1.0.10      foreach_1.4.4         plotly_4.9.0          caret_6.0-84          lattice_0.20-38       ggbiplot_0.55        "
"[31] scales_1.0.0          plyr_1.8.4            viridis_0.5.1         viridisLite_0.3.0     RColorBrewer_1.1-2    ggplot2_3.2.0        "
"[37] shinyjs_1.0           markdown_1.0          shinydashboard_0.7.1  shiny_1.3.2           reshape2_1.4.3        MSstatsBioData_1.6.0 "
"[43] MSstats_3.16.0       "
"loaded via a namespace (and not attached):"
" [1] nlme_3.1-140       bitops_1.0-6       lubridate_1.7.4    httr_1.4.0         tools_3.6.1        backports_1.1.4    DT_0.7            "
" [8] R6_2.4.0           rpart_4.1-15       KernSmooth_2.23-15 lazyeval_0.2.2     colorspace_1.4-1   nnet_7.3-12        withr_2.1.2       "
"[15] tidyselect_0.2.5   gridExtra_2.3      compiler_3.6.1     labeling_0.3       caTools_1.17.1.2   digest_0.6.20      minqa_1.2.4       "
"[22] pkgconfig_2.0.2    htmltools_0.3.6    sourcetools_0.1.7  htmlwidgets_1.3    rlang_0.4.0        rstudioapi_0.10    generics_0.0.2    "
"[29] jsonlite_1.6       crosstalk_1.0.0    gtools_3.8.1       ModelMetrics_1.2.2 magrittr_1.5       Rcpp_1.0.1         munsell_0.5.0     "
"[36] yaml_2.2.0         stringi_1.4.3      recipes_0.1.6      listenv_0.7.0      gdata_2.18.0       crayon_1.3.4       splines_3.6.1     "
"[43] pillar_1.4.2       boot_1.3-23        codetools_0.2-16   stats4_3.6.1       glue_1.3.1         nloptr_1.2.1       httpuv_1.5.1      "
"[50] gtable_0.3.0       assertthat_0.2.1   gower_0.2.1        mime_0.7           prodlim_2018.04.18 xtable_1.8-4       e1071_1.7-2       "
"[57] later_0.8.0        class_7.3-15       timeDate_3043.102  tibble_2.1.3       lava_1.6.5         globals_0.12.4     ipred_0.9-9       "
" "
" "
"MSstats - dataProcess function"
" "
"The required input : provided - okay"
"summaryMethod : TMP"
"cutoffCensored : minFeature"
"censoredInt : NA"
"New input format : made new columns for analysis - okay"
"** There are 29 intensities which are zero. These intensities are replaced with 1."
"Logarithm transformation: log2 transformation is done - okay"
"fillIncompleteRows = TRUE"
"Incomplete rows for missing peaks are added with intensity values=NA. - done, Okay"
"Balanced data format with NA for missing feature intensities - okay"
"Factorize in columns(GROUP, SUBJECT, GROUP_ORIGINAL, 
	                                  SUBJECT_ORIGINAL, SUBJECT_ORIGINAL_NESTED, FEATURE, RUN) - okay"
"Normalization : Constant normalization (equalize medians) - okay"
"** Log2 endogenous intensities under cutoff = -2.2687  were considered as censored missing values."
"** Log2 endogenous intensities = NA were considered as censored missing values."
"** Use all features that the dataset origianally has."
"2 level of Isotope type labeling in this experiment"
"Summary of Features :"
"# of Protein : 31"
"# of Peptides/Protein : 1-1"
"# of Transitions/Peptide : 3-4"
"Summary of Missingness :"
"  # transitions are completely missing in one condition: 0"
"  # run with 75% missing observations: 0"
"Processing data for analysis is done. - okay"
"the summarization per subplot is done.- okay : TMP"
