"V1"
" "
" "
"MSstats - designSampleSizeClassification function"
" "
"n_sample = 5"
"sample_incr = 20"
"protein_desc = 0.2"
"iter = 1"
"Calculated variance component. - okay"
"Prepare simulation paramters. - okay"
"The number of sample and proteins is estimated - okay"
" "
" "
"MSstats - designSampleSizeClassification function"
" "
"n_sample = 5"
"sample_incr = 20"
"protein_desc = 0.2"
"iter = 1"
"Calculated variance component. - okay"
"Prepare simulation paramters. - okay"
" "
" "
"MSstats - designSampleSizeClassification function"
" "
"n_sample = 5"
"sample_incr = 20"
"protein_desc = 0.2"
"iter = 1"
"Calculated variance component. - okay"
"Prepare simulation paramters. - okay"
" "
" "
"MSstats - designSampleSizeClassification function"
" "
"n_sample = 5"
"sample_incr = 20"
"protein_desc = 0.2"
"iter = 1"
"Calculated variance component. - okay"
"Prepare simulation paramters. - okay"
" "
" "
"MSstats - designSampleSizeClassification function"
" "
"n_sample = 5"
"sample_incr = 20"
"protein_desc = 0.2"
"iter = 1"
"Calculated variance component. - okay"
"Prepare simulation paramters. - okay"
